[DEBUG2019-06-10 15:34:07]This is debug message
[INFO 2019-06-10 16:35:14](<Response [200]>, {'success': False, 'code': 6006, 'msg': '系统繁忙，请稍后再试', 'resultCode': 'SYSTEM_ERROR'})
[INFO 2019-06-10 16:39:18](<Response [200]>, {'success': False, 'code': 6006, 'msg': '系统繁忙，请稍后再试', 'resultCode': 'SYSTEM_ERROR'})
[INFO 2019-06-10 16:40:09](<Response [200]>, {'success': True, 'code': 0, 'msg': '请求成功', 'resultCode': 'SUCCESS'})
[INFO 2019-06-10 16:55:19]createInstitutionProduct的响应信息：(<Response [200]>, {'success': False, 'code': 6006, 'msg': '系统繁忙，请稍后再试', 'resultCode': 'SYSTEM_ERROR'})
[INFO 2019-06-10 16:55:31]createInstitutionProduct的响应信息：(<Response [200]>, {'success': False, 'code': 6006, 'msg': '系统繁忙，请稍后再试', 'resultCode': 'SYSTEM_ERROR'})
[INFO 2019-06-10 16:57:44]createInstitutionProduct接口的响应信息：(<Response [200]>, {'success': True, 'code': 0, 'msg': '请求成功', 'resultCode': 'SUCCESS'})
[INFO 2019-06-10 17:19:01]createInstitutionProduct接口的响应信息：(<Response [200]>, {'success': True, 'code': 0, 'msg': '请求成功', 'resultCode': 'SUCCESS'})
[INFO 2019-06-10 17:20:39]createInstitutionProduct接口的响应信息：(<Response [200]>, {'success': True, 'code': 0, 'msg': '请求成功', 'resultCode': 'SUCCESS'})
[INFO 2019-06-10 17:22:13]createInstitutionProduct接口的响应信息：(<Response [200]>, {'success': True, 'code': 0, 'msg': '请求成功', 'resultCode': 'SUCCESS'})
[INFO 2019-06-10 17:26:19]createInstitutionProduct接口的响应信息：(<Response [200]>, {'success': True, 'code': 0, 'msg': '请求成功', 'resultCode': 'SUCCESS'})
[INFO 2019-06-10 17:40:23]createInstitutionProduct接口的响应信息：(<Response [200]>, {'success': True, 'code': 0, 'msg': '请求成功', 'resultCode': 'SUCCESS'})
[INFO 2019-06-10 17:41:46]createInstitutionProduct接口的响应信息：(<Response [200]>, {'success': True, 'code': 0, 'msg': '请求成功', 'resultCode': 'SUCCESS'})
[INFO 2019-06-10 17:42:10]createInstitutionProduct接口的响应信息：(<Response [200]>, {'success': True, 'code': 0, 'msg': '请求成功', 'resultCode': 'SUCCESS'})
[INFO 2019-06-10 17:44:55]createInstitutionProduct接口的响应信息：(<Response [200]>, {'success': True, 'code': 0, 'msg': '请求成功', 'resultCode': 'SUCCESS'})，时间戳标记：1560159895
[INFO 2019-06-10 17:57:15]createInstitutionProduct接口的响应信息：(<Response [200]>, {'success': True, 'code': 0, 'msg': '请求成功', 'resultCode': 'SUCCESS'})，时间戳标记：1560160635
[INFO 2019-06-10 17:57:39]createInstitutionProduct接口的响应信息：(<Response [200]>, {'success': True, 'code': 0, 'msg': '请求成功', 'resultCode': 'SUCCESS'})，时间戳标记：1560160659
[INFO 2019-06-10 17:58:06]createInstitutionProduct接口的响应信息：(<Response [200]>, {'success': True, 'code': 0, 'msg': '请求成功', 'resultCode': 'SUCCESS'})，时间戳标记：1560160686
[INFO 2019-06-10 17:58:30]createInstitutionProduct接口的响应信息：(<Response [200]>, {'success': True, 'code': 0, 'msg': '请求成功', 'resultCode': 'SUCCESS'})，时间戳标记：1560160709
[INFO 2019-06-10 18:04:33]createInstitutionProduct接口的响应信息：(<Response [200]>, {'success': True, 'code': 0, 'msg': '请求成功', 'resultCode': 'SUCCESS'})，时间戳标记：1560161073
[INFO 2019-06-10 18:05:25]createInstitutionProduct接口的响应信息：(<Response [200]>, {'success': True, 'code': 0, 'msg': '请求成功', 'resultCode': 'SUCCESS'})，时间戳标记：1560161125
[INFO 2019-06-10 18:12:32]createInstitutionProduct接口的响应信息：(<Response [200]>, {'success': True, 'code': 0, 'msg': '请求成功', 'resultCode': 'SUCCESS'})，时间戳标记：1560161551
[INFO 2019-06-10 18:13:47]createInstitutionProduct接口的响应信息：(<Response [200]>, {'success': True, 'code': 0, 'msg': '请求成功', 'resultCode': 'SUCCESS'})，时间戳标记：1560161626
[INFO 2019-06-10 19:29:28]createInstitutionProduct接口的响应信息：(<Response [200]>, {'success': True, 'code': 0, 'msg': '请求成功', 'resultCode': 'SUCCESS'})，时间戳标记：1560166167
[INFO 2019-06-10 19:30:57]createInstitutionProduct接口的响应信息：(<Response [200]>, {'success': True, 'code': 0, 'msg': '请求成功', 'resultCode': 'SUCCESS'})，时间戳标记：1560166257
[INFO 2019-06-10 19:32:33]createInstitutionProduct接口的响应信息：(<Response [200]>, {'success': True, 'code': 0, 'msg': '请求成功', 'resultCode': 'SUCCESS'})，时间戳标记：1560166352
[INFO 2019-06-10 19:35:12]createInstitutionProduct接口的响应信息：(<Response [200]>, {'success': True, 'code': 0, 'msg': '请求成功', 'resultCode': 'SUCCESS'})，时间戳标记：1560166511
[INFO 2019-06-10 19:37:16]createInstitutionProduct接口的响应信息：(<Response [200]>, {'success': True, 'code': 0, 'msg': '请求成功', 'resultCode': 'SUCCESS'})，时间戳标记：1560166636
[ERROR 2019-06-10 19:37:16]Response body msg != expected_msg, expected_msg is 请求1成功, body_msg is msg
[INFO 2019-06-10 19:53:14]createInstitutionProduct接口的响应信息：(<Response [200]>, {'success': True, 'code': 0, 'msg': '请求成功', 'resultCode': 'SUCCESS'})，时间戳标记：1560167593
[INFO 2019-06-10 19:54:38]createInstitutionProduct接口的响应信息：(<Response [200]>, {'success': True, 'code': 0, 'msg': '请求成功', 'resultCode': 'SUCCESS'})，时间戳标记：1560167677
[INFO 2019-06-10 19:54:38]modifyInstitutionProduct接口的响应信息：(<Response [200]>, {'success': True, 'code': 0, 'msg': '请求成功', 'resultCode': 'SUCCESS'})，时间戳标记：1560167677
[INFO 2019-06-10 19:58:07]createInstitutionProduct接口的响应信息：(<Response [200]>, {'success': False, 'code': 6006, 'msg': '系统繁忙，请稍后再试', 'resultCode': 'SYSTEM_ERROR'})，时间戳标记：1560167886
[ERROR 2019-06-10 19:58:07]Response body msg != expected_msg, expected_msg is 请求成功, body_msg is msg
[INFO 2019-06-10 19:58:39]createInstitutionProduct接口的响应信息：(<Response [200]>, {'success': True, 'code': 0, 'msg': '请求成功', 'resultCode': 'SUCCESS'})，时间戳标记：1560167919
[INFO 2019-06-10 19:58:51]createInstitutionProduct接口的响应信息：(<Response [200]>, {'success': True, 'code': 0, 'msg': '请求成功', 'resultCode': 'SUCCESS'})，时间戳标记：1560167930
[INFO 2019-06-10 19:58:51]modifyInstitutionProduct接口的响应信息：(<Response [200]>, {'success': True, 'code': 0, 'msg': '请求成功', 'resultCode': 'SUCCESS'})，时间戳标记：1560167930
[INFO 2019-06-10 19:58:51]institutionProductSort接口的响应信息：(<Response [200]>, {'success': True, 'code': 0, 'msg': '请求成功', 'resultCode': 'SUCCESS'})，时间戳标记：1560167930
[INFO 2019-06-10 19:58:51]queryInstitutionProduct接口的响应信息：(<Response [200]>, {'success': True, 'code': 0, 'msg': '请求成功', 'resultCode': 'SUCCESS', 'pageNo': 1, 'pageSize': 15, 'totalCount': 3, 'hasNext': False, 'data': [{'id': 17, 'name': '极速借', 'institutionId': 1, 'institutionName': '极速云', 'loanAmount': '500000', 'interestRate': '0.03', 'loanSpeed': '3小时', 'labelId': 2, 'label': '新品', 'sort': 16, 'status': 1}, {'id': 19, 'name': '钱妈妈', 'institutionId': 3, 'institutionName': '钱妈妈', 'loanAmount': '6000000', 'interestRate': '0.04', 'loanSpeed': '4小时', 'labelId': 1, 'label': '循环额度', 'sort': 16, 'status': 1}, {'id': 18, 'name': '网商贷', 'institutionId': 2, 'institutionName': '新大陆', 'loanAmount': '2000000', 'interestRate': '0.03', 'loanSpeed': '5小时', 'labelId': 2, 'label': '新品', 'sort': 18, 'status': 1}], 'startRow': 0})，时间戳标记：1560167930
[INFO 2019-06-11 11:34:48]jumpLogin接口的响应信息：(<Response [200]>, {'success': True, 'code': 0, 'msg': '请求成功', 'resultCode': 'SUCCESS', 'data': {'token': '31ef0dbbb5f862ef46da2db5a4438c3a', 'jumpUrl': 'https://finance.cs.xiangqianpos.com/xdd-finance-tec/#/business', 'weChatOpenId': None}})，时间戳标记：1560224087
[INFO 2019-06-11 11:36:43]queryUserMerchant接口的响应信息：(<Response [200]>, {'success': True, 'code': 0, 'msg': '请求成功', 'resultCode': 'SUCCESS', 'data': [{'merchantId': 202, 'kmMerchantId': 997450, 'merchantName': 'wxhb', 'isOpen': False, 'isVersion': False, 'middlewareV': '1.0.0', 'minMiddlewareV': '2.1.1', 'dealerCode': '00'}, {'merchantId': 203, 'kmMerchantId': 997665, 'merchantName': '启谋', 'isOpen': True, 'isVersion': False, 'middlewareV': '1.0.0', 'minMiddlewareV': '2.1.1', 'dealerCode': '00'}]})，时间戳标记：1560224194
[INFO 2019-06-11 11:37:31]cacheUserMerchant接口的响应信息：(<Response [200]>, {'success': True, 'code': 0, 'msg': '请求成功', 'resultCode': 'SUCCESS'})，时间戳标记：1560224251
[INFO 2019-06-11 11:38:18]queryIndexInfo接口的响应信息：(<Response [200]>, {'success': True, 'code': 0, 'msg': '请求成功', 'resultCode': 'SUCCESS', 'data': {'isShowDealerCodeModule': False, 'merchantName': '启谋', 'productVOList': [{'id': 17, 'name': '极速借', 'institutionId': 1, 'institutionName': '极速云', 'loanAmount': '500000', 'interestRate': '0.03', 'loanSpeed': '3小时', 'labelId': 2, 'label': '新品', 'sort': 16, 'status': 1}, {'id': 19, 'name': '钱妈妈', 'institutionId': 3, 'institutionName': '钱妈妈', 'loanAmount': '6000000', 'interestRate': '0.04', 'loanSpeed': '4小时', 'labelId': 1, 'label': '循环额度', 'sort': 16, 'status': 1}, {'id': 18, 'name': '网商贷', 'institutionId': 2, 'institutionName': '新大陆', 'loanAmount': '2000000', 'interestRate': '0.03', 'loanSpeed': '5小时', 'labelId': 2, 'label': '新品', 'sort': 18, 'status': 1}]}})，时间戳标记：1560224298
[INFO 2019-06-11 11:39:10]getJumpLoginInfo接口的响应信息：(<Response [200]>, {'success': True, 'code': 0, 'msg': '请求成功', 'resultCode': 'SUCCESS', 'data': {'xinDaLuToken': None, 'mobile': None, 'uid': None, 'partner': None, 'ts': 0, 'sign': None, 'qmmUrl': 'http://store-cr.zjgfintech.com/vipkm/keme.html?merchantChannel=15&LoanId=km8dd4563c2836b153&LoanSecret=Tc903QjbixpgSLqnzHsjC1yvLqIipAMw&merchantNo=c0604a62-32d5-4857-b8bf-c872701d9b31'}})，时间戳标记：1560224340
[INFO 2019-06-11 11:40:06]jumpLogin接口的响应信息：(<Response [200]>, {'success': True, 'code': 0, 'msg': '请求成功', 'resultCode': 'SUCCESS', 'data': {'token': 'd6665942cc7993feb9b2b9976614c874', 'jumpUrl': 'https://finance.cs.xiangqianpos.com/xdd-finance-tec/#/business', 'weChatOpenId': None}})，时间戳标记：1560224405
[INFO 2019-06-11 11:40:14]queryUserMerchant接口的响应信息：(<Response [200]>, {'success': True, 'code': 0, 'msg': '请求成功', 'resultCode': 'SUCCESS', 'data': [{'merchantId': 202, 'kmMerchantId': 997450, 'merchantName': 'wxhb', 'isOpen': False, 'isVersion': False, 'middlewareV': '1.0.0', 'minMiddlewareV': '2.1.1', 'dealerCode': '00'}, {'merchantId': 203, 'kmMerchantId': 997665, 'merchantName': '启谋', 'isOpen': True, 'isVersion': False, 'middlewareV': '1.0.0', 'minMiddlewareV': '2.1.1', 'dealerCode': '00'}]})，时间戳标记：1560224405
[INFO 2019-06-11 11:40:14]cacheUserMerchant接口的响应信息：(<Response [200]>, {'success': True, 'code': 0, 'msg': '请求成功', 'resultCode': 'SUCCESS'})，时间戳标记：1560224405
[INFO 2019-06-11 11:40:14]queryIndexInfo接口的响应信息：(<Response [200]>, {'success': True, 'code': 0, 'msg': '请求成功', 'resultCode': 'SUCCESS', 'data': {'isShowDealerCodeModule': False, 'merchantName': '启谋', 'productVOList': [{'id': 17, 'name': '极速借', 'institutionId': 1, 'institutionName': '极速云', 'loanAmount': '500000', 'interestRate': '0.03', 'loanSpeed': '3小时', 'labelId': 2, 'label': '新品', 'sort': 16, 'status': 1}, {'id': 19, 'name': '钱妈妈', 'institutionId': 3, 'institutionName': '钱妈妈', 'loanAmount': '6000000', 'interestRate': '0.04', 'loanSpeed': '4小时', 'labelId': 1, 'label': '循环额度', 'sort': 16, 'status': 1}, {'id': 18, 'name': '网商贷', 'institutionId': 2, 'institutionName': '新大陆', 'loanAmount': '2000000', 'interestRate': '0.03', 'loanSpeed': '5小时', 'labelId': 2, 'label': '新品', 'sort': 18, 'status': 1}]}})，时间戳标记：1560224405
[INFO 2019-06-11 11:40:15]getJumpLoginInfo接口的响应信息：(<Response [200]>, {'success': True, 'code': 0, 'msg': '请求成功', 'resultCode': 'SUCCESS', 'data': {'xinDaLuToken': None, 'mobile': None, 'uid': None, 'partner': None, 'ts': 0, 'sign': None, 'qmmUrl': 'http://store-cr.zjgfintech.com/vipkm/keme.html?merchantChannel=15&LoanId=km8dd4563c2836b153&LoanSecret=Tc903QjbixpgSLqnzHsjC1yvLqIipAMw&merchantNo=c0604a62-32d5-4857-b8bf-c872701d9b31'}})，时间戳标记：1560224405
[INFO 2019-06-11 14:35:46]dealerCodeCertification接口的响应信息：(<Response [200]>, {'success': True, 'code': 0, 'msg': '请求成功', 'resultCode': 'SUCCESS'})，时间戳标记：1560234938
[INFO 2019-06-11 14:37:00]dealerCodeCertification接口的响应信息：(<Response [200]>, {'success': True, 'code': 0, 'msg': '请求成功', 'resultCode': 'SUCCESS'})，时间戳标记：1560235011
[INFO 2019-06-12 11:49:45]mobile success write to database
[INFO 2019-06-12 14:37:17]mobile success write to database
[INFO 2019-06-12 14:38:58]mobile success write to database
[INFO 2019-06-12 14:47:40]mobile success write to database
[INFO 2019-06-12 14:47:58]mobile success write to database
[INFO 2019-06-12 14:52:36]mobile success write to database
[INFO 2019-06-12 14:53:15]mobile success write to database
[INFO 2019-06-12 14:53:41]mobile success write to database
[INFO 2019-06-12 15:00:58]mobile success write to database
[INFO 2019-06-12 15:09:20]mobile success write to database
[INFO 2019-06-12 15:10:12]mobile success write to database
[INFO 2019-06-12 15:15:24]mobile success write to database
[INFO 2019-06-12 15:15:56]mobile success write to database
[INFO 2019-06-12 15:25:56]mobile success write to database
[INFO 2019-06-12 15:26:14]mobile success write to database
[INFO 2019-06-12 15:26:35]mobile success write to database
[INFO 2019-06-12 15:26:57]mobile success write to database
[INFO 2019-06-12 15:27:14]mobile success write to database
[INFO 2019-06-12 15:29:17]mobile success write to database
[INFO 2019-06-12 15:33:27]open_id is written to database successfully
[INFO 2019-06-12 15:33:27]account_no is written to database successfully
[INFO 2019-06-12 15:33:27]mobile is written to database successfully
[INFO 2019-06-12 15:33:27]name is written to database successfully
[INFO 2019-06-12 15:33:27]idcard is written to database successfully
[INFO 2019-06-12 15:33:27]dealer_code is written to database successfully
[INFO 2019-06-12 15:33:27]home_province is written to database successfully
[INFO 2019-06-12 15:33:27]home_city is written to database successfully
[INFO 2019-06-12 15:33:27]home_area is written to database successfully
[INFO 2019-06-12 15:33:27]home_address is written to database successfully
[INFO 2019-06-12 15:33:27]family_contact is written to database successfully
[INFO 2019-06-12 15:33:27]family_relationship is written to database successfully
[INFO 2019-06-12 15:33:27]family_mobile is written to database successfully
[INFO 2019-06-12 15:33:27]work_contact is written to database successfully
[INFO 2019-06-12 15:33:27]work_relationship is written to database successfully
[INFO 2019-06-12 15:33:27]work_mobile is written to database successfully
[INFO 2019-06-12 15:33:27]other_contact is written to database successfully
[INFO 2019-06-12 15:33:27]other_relationship is written to database successfully
[INFO 2019-06-12 15:33:27]other_mobile is written to database successfully
[INFO 2019-06-12 15:33:27]source is written to database successfully
[INFO 2019-06-12 15:33:27]user_type is written to database successfully
[INFO 2019-06-12 15:33:27]is_show_module is written to database successfully
[INFO 2019-06-12 15:57:51]mobile is written to database successfully
[INFO 2019-06-12 15:57:51]name is written to database successfully
[INFO 2019-06-12 15:57:51]idcard is written to database successfully
[INFO 2019-06-12 15:57:51]home_province is written to database successfully
[INFO 2019-06-12 15:57:51]home_city is written to database successfully
[INFO 2019-06-12 15:57:51]home_area is written to database successfully
[INFO 2019-06-12 15:57:51]home_address is written to database successfully
[INFO 2019-06-12 15:57:51]family_contact is written to database successfully
[INFO 2019-06-12 15:57:51]family_relationship is written to database successfully
[INFO 2019-06-12 15:57:51]family_mobile is written to database successfully
[INFO 2019-06-12 15:57:51]work_contact is written to database successfully
[INFO 2019-06-12 15:57:51]work_relationship is written to database successfully
[INFO 2019-06-12 15:57:51]work_mobile is written to database successfully
[INFO 2019-06-12 15:57:51]other_contact is written to database successfully
[INFO 2019-06-12 15:57:51]other_relationship is written to database successfully
[INFO 2019-06-12 15:57:51]other_mobile is written to database successfully
[ERROR 2019-06-12 15:57:51]idcard_front_image is not written to database 
[INFO 2019-06-12 15:58:31]mobile is written to database successfully
[INFO 2019-06-12 15:58:31]name is written to database successfully
[INFO 2019-06-12 15:58:31]idcard is written to database successfully
[INFO 2019-06-12 15:58:31]home_province is written to database successfully
[INFO 2019-06-12 15:58:31]home_city is written to database successfully
[INFO 2019-06-12 15:58:31]home_area is written to database successfully
[INFO 2019-06-12 15:58:31]home_address is written to database successfully
[INFO 2019-06-12 15:58:31]family_contact is written to database successfully
[INFO 2019-06-12 15:58:31]family_relationship is written to database successfully
[INFO 2019-06-12 15:58:31]family_mobile is written to database successfully
[INFO 2019-06-12 15:58:31]work_contact is written to database successfully
[INFO 2019-06-12 15:58:31]work_relationship is written to database successfully
[INFO 2019-06-12 15:58:31]work_mobile is written to database successfully
[INFO 2019-06-12 15:58:31]other_contact is written to database successfully
[INFO 2019-06-12 15:58:31]other_relationship is written to database successfully
[INFO 2019-06-12 15:58:31]other_mobile is written to database successfully
[ERROR 2019-06-12 15:58:31]idcard_front_image is not written to database 
[ERROR 2019-06-12 15:58:31]idcard_back_image is not written to database 
[ERROR 2019-06-12 15:58:31]create_time is not written to database 
[INFO 2019-06-12 15:59:12]mobile is written to database successfully
[INFO 2019-06-12 15:59:12]name is written to database successfully
[INFO 2019-06-12 15:59:12]idcard is written to database successfully
[INFO 2019-06-12 15:59:12]home_province is written to database successfully
[INFO 2019-06-12 15:59:12]home_city is written to database successfully
[INFO 2019-06-12 15:59:12]home_area is written to database successfully
[INFO 2019-06-12 15:59:12]home_address is written to database successfully
[INFO 2019-06-12 15:59:12]family_contact is written to database successfully
[INFO 2019-06-12 15:59:12]family_relationship is written to database successfully
[INFO 2019-06-12 15:59:12]family_mobile is written to database successfully
[INFO 2019-06-12 15:59:12]work_contact is written to database successfully
[INFO 2019-06-12 15:59:12]work_relationship is written to database successfully
[INFO 2019-06-12 15:59:12]work_mobile is written to database successfully
[INFO 2019-06-12 15:59:12]other_contact is written to database successfully
[INFO 2019-06-12 15:59:12]other_relationship is written to database successfully
[ERROR 2019-06-12 15:59:12]other_mobile is not written to database 
[ERROR 2019-06-12 15:59:12]idcard_front_image is not written to database 
[ERROR 2019-06-12 15:59:12]idcard_back_image is not written to database 
[ERROR 2019-06-12 15:59:12]create_time is not written to database 
[INFO 2019-06-12 16:02:12]mobile is written to database successfully
[INFO 2019-06-12 16:02:12]name is written to database successfully
[INFO 2019-06-12 16:02:12]idcard is written to database successfully
[INFO 2019-06-12 16:02:12]home_province is written to database successfully
[INFO 2019-06-12 16:02:12]home_city is written to database successfully
[INFO 2019-06-12 16:02:12]home_area is written to database successfully
[INFO 2019-06-12 16:02:12]home_address is written to database successfully
[INFO 2019-06-12 16:02:12]family_contact is written to database successfully
[INFO 2019-06-12 16:02:12]family_relationship is written to database successfully
[INFO 2019-06-12 16:02:12]family_mobile is written to database successfully
[INFO 2019-06-12 16:02:12]work_contact is written to database successfully
[INFO 2019-06-12 16:02:12]work_relationship is written to database successfully
[INFO 2019-06-12 16:02:12]work_mobile is written to database successfully
[INFO 2019-06-12 16:02:12]other_contact is written to database successfully
[INFO 2019-06-12 16:02:12]other_relationship is written to database successfully
[ERROR 2019-06-12 16:02:12]other_mobile is not written to database 
[INFO 2019-06-12 16:04:25]mobile is written to database successfully
[INFO 2019-06-12 16:04:25]name is written to database successfully
[INFO 2019-06-12 16:04:25]idcard is written to database successfully
[INFO 2019-06-12 16:04:25]home_province is written to database successfully
[INFO 2019-06-12 16:04:25]home_city is written to database successfully
[INFO 2019-06-12 16:04:25]home_area is written to database successfully
[INFO 2019-06-12 16:04:25]home_address is written to database successfully
[INFO 2019-06-12 16:04:25]family_contact is written to database successfully
[INFO 2019-06-12 16:04:25]family_relationship is written to database successfully
[INFO 2019-06-12 16:04:25]family_mobile is written to database successfully
[INFO 2019-06-12 16:04:25]work_contact is written to database successfully
[INFO 2019-06-12 16:04:25]work_relationship is written to database successfully
[INFO 2019-06-12 16:04:25]work_mobile is written to database successfully
[INFO 2019-06-12 16:04:25]other_contact is written to database successfully
[INFO 2019-06-12 16:04:25]other_relationship is written to database successfully
[INFO 2019-06-12 16:04:25]other_mobile is written to database successfully
[ERROR 2019-06-12 16:04:25]idcard_front_image is not written to database 
[INFO 2019-06-12 16:05:00]mobile is written to database successfully
[INFO 2019-06-12 16:05:00]name is written to database successfully
[INFO 2019-06-12 16:05:00]idcard is written to database successfully
[INFO 2019-06-12 16:05:00]home_province is written to database successfully
[INFO 2019-06-12 16:05:00]home_city is written to database successfully
[INFO 2019-06-12 16:05:00]home_area is written to database successfully
[INFO 2019-06-12 16:05:00]home_address is written to database successfully
[INFO 2019-06-12 16:05:00]family_contact is written to database successfully
[INFO 2019-06-12 16:05:00]family_relationship is written to database successfully
[INFO 2019-06-12 16:05:00]family_mobile is written to database successfully
[INFO 2019-06-12 16:05:00]work_contact is written to database successfully
[INFO 2019-06-12 16:05:00]work_relationship is written to database successfully
[INFO 2019-06-12 16:05:00]work_mobile is written to database successfully
[INFO 2019-06-12 16:05:00]other_contact is written to database successfully
[INFO 2019-06-12 16:05:00]other_relationship is written to database successfully
[INFO 2019-06-12 16:05:00]other_mobile is written to database successfully
[ERROR 2019-06-12 16:05:00]idcard_front_image is not written to database 
[INFO 2019-06-12 16:08:40]mobile is written to database successfully
[INFO 2019-06-12 16:08:40]name is written to database successfully
[INFO 2019-06-12 16:08:40]idcard is written to database successfully
[INFO 2019-06-12 16:08:40]home_province is written to database successfully
[INFO 2019-06-12 16:08:40]home_city is written to database successfully
[INFO 2019-06-12 16:08:40]home_area is written to database successfully
[INFO 2019-06-12 16:08:40]home_address is written to database successfully
[INFO 2019-06-12 16:08:40]family_contact is written to database successfully
[INFO 2019-06-12 16:08:40]family_relationship is written to database successfully
[INFO 2019-06-12 16:08:40]family_mobile is written to database successfully
[INFO 2019-06-12 16:08:40]work_contact is written to database successfully
[INFO 2019-06-12 16:08:40]work_relationship is written to database successfully
[INFO 2019-06-12 16:08:40]work_mobile is written to database successfully
[INFO 2019-06-12 16:08:40]other_contact is written to database successfully
[INFO 2019-06-12 16:08:40]other_relationship is written to database successfully
[INFO 2019-06-12 16:08:40]other_mobile is written to database successfully
[ERROR 2019-06-12 16:08:40]create_time is not written to database 
[INFO 2019-06-12 16:09:51]mobile is written to database successfully
[INFO 2019-06-12 16:09:51]name is written to database successfully
[INFO 2019-06-12 16:09:51]idcard is written to database successfully
[INFO 2019-06-12 16:09:51]home_province is written to database successfully
[INFO 2019-06-12 16:09:51]home_city is written to database successfully
[INFO 2019-06-12 16:09:51]home_area is written to database successfully
[INFO 2019-06-12 16:09:51]home_address is written to database successfully
[INFO 2019-06-12 16:09:51]family_contact is written to database successfully
[INFO 2019-06-12 16:09:51]family_relationship is written to database successfully
[INFO 2019-06-12 16:09:51]family_mobile is written to database successfully
[INFO 2019-06-12 16:09:51]work_contact is written to database successfully
[INFO 2019-06-12 16:09:51]work_relationship is written to database successfully
[INFO 2019-06-12 16:09:51]work_mobile is written to database successfully
[INFO 2019-06-12 16:09:51]other_contact is written to database successfully
[INFO 2019-06-12 16:09:51]other_relationship is written to database successfully
[INFO 2019-06-12 16:09:51]other_mobile is written to database successfully
[ERROR 2019-06-12 16:25:15]open_id is not the same
[ERROR 2019-06-12 16:26:31]open_id is not the same
[ERROR 2019-06-12 16:27:05]open_id is not the same
[ERROR 2019-06-12 16:27:37]open_id is not the same
[ERROR 2019-06-12 16:27:57]open_id is not the same
[INFO 2019-06-12 16:28:14]mobile is written to database successfully
[INFO 2019-06-12 16:28:14]name is written to database successfully
[INFO 2019-06-12 16:28:14]idcard is written to database successfully
[INFO 2019-06-12 16:28:14]home_province is written to database successfully
[INFO 2019-06-12 16:28:14]home_city is written to database successfully
[INFO 2019-06-12 16:28:14]home_area is written to database successfully
[INFO 2019-06-12 16:28:14]home_address is written to database successfully
[INFO 2019-06-12 16:28:14]family_contact is written to database successfully
[INFO 2019-06-12 16:28:14]family_relationship is written to database successfully
[INFO 2019-06-12 16:28:14]family_mobile is written to database successfully
[INFO 2019-06-12 16:28:14]work_contact is written to database successfully
[INFO 2019-06-12 16:28:14]work_relationship is written to database successfully
[INFO 2019-06-12 16:28:14]work_mobile is written to database successfully
[INFO 2019-06-12 16:28:14]other_contact is written to database successfully
[INFO 2019-06-12 16:28:14]other_relationship is written to database successfully
[INFO 2019-06-12 16:28:14]other_mobile is written to database successfully
[ERROR 2019-06-12 16:28:14]The information of log is incorrect
[INFO 2019-06-12 16:28:53]mobile is written to database successfully
[INFO 2019-06-12 16:28:53]name is written to database successfully
[INFO 2019-06-12 16:28:53]idcard is written to database successfully
[INFO 2019-06-12 16:28:53]home_province is written to database successfully
[INFO 2019-06-12 16:28:53]home_city is written to database successfully
[INFO 2019-06-12 16:28:53]home_area is written to database successfully
[INFO 2019-06-12 16:28:53]home_address is written to database successfully
[INFO 2019-06-12 16:28:53]family_contact is written to database successfully
[INFO 2019-06-12 16:28:53]family_relationship is written to database successfully
[INFO 2019-06-12 16:28:53]family_mobile is written to database successfully
[INFO 2019-06-12 16:28:53]work_contact is written to database successfully
[INFO 2019-06-12 16:28:53]work_relationship is written to database successfully
[INFO 2019-06-12 16:28:53]work_mobile is written to database successfully
[INFO 2019-06-12 16:28:53]other_contact is written to database successfully
[INFO 2019-06-12 16:28:53]other_relationship is written to database successfully
[INFO 2019-06-12 16:28:53]other_mobile is written to database successfully
[INFO 2019-06-12 16:29:08]mobile is written to database successfully
[INFO 2019-06-12 16:29:08]name is written to database successfully
[INFO 2019-06-12 16:29:08]idcard is written to database successfully
[INFO 2019-06-12 16:29:08]home_province is written to database successfully
[INFO 2019-06-12 16:29:08]home_city is written to database successfully
[INFO 2019-06-12 16:29:08]home_area is written to database successfully
[INFO 2019-06-12 16:29:08]home_address is written to database successfully
[INFO 2019-06-12 16:29:08]family_contact is written to database successfully
[INFO 2019-06-12 16:29:08]family_relationship is written to database successfully
[INFO 2019-06-12 16:29:08]family_mobile is written to database successfully
[INFO 2019-06-12 16:29:08]work_contact is written to database successfully
[INFO 2019-06-12 16:29:08]work_relationship is written to database successfully
[INFO 2019-06-12 16:29:08]work_mobile is written to database successfully
[INFO 2019-06-12 16:29:08]other_contact is written to database successfully
[INFO 2019-06-12 16:29:08]other_relationship is written to database successfully
[INFO 2019-06-12 16:29:08]other_mobile is written to database successfully
[INFO 2019-06-12 16:29:53]mobile is written to database successfully
[INFO 2019-06-12 16:29:53]name is written to database successfully
[INFO 2019-06-12 16:29:53]idcard is written to database successfully
[INFO 2019-06-12 16:29:53]home_province is written to database successfully
[INFO 2019-06-12 16:29:53]home_city is written to database successfully
[INFO 2019-06-12 16:29:53]home_area is written to database successfully
[INFO 2019-06-12 16:29:53]home_address is written to database successfully
[INFO 2019-06-12 16:29:53]family_contact is written to database successfully
[INFO 2019-06-12 16:29:53]family_relationship is written to database successfully
[INFO 2019-06-12 16:29:53]family_mobile is written to database successfully
[INFO 2019-06-12 16:29:53]work_contact is written to database successfully
[INFO 2019-06-12 16:29:53]work_relationship is written to database successfully
[INFO 2019-06-12 16:29:53]work_mobile is written to database successfully
[INFO 2019-06-12 16:29:53]other_contact is written to database successfully
[INFO 2019-06-12 16:29:53]other_relationship is written to database successfully
[INFO 2019-06-12 16:29:53]other_mobile is written to database successfully
[INFO 2019-06-12 16:31:05]mobile is written to database successfully
[INFO 2019-06-12 16:31:05]name is written to database successfully
[INFO 2019-06-12 16:31:05]idcard is written to database successfully
[INFO 2019-06-12 16:31:05]home_province is written to database successfully
[INFO 2019-06-12 16:31:05]home_city is written to database successfully
[INFO 2019-06-12 16:31:05]home_area is written to database successfully
[INFO 2019-06-12 16:31:05]home_address is written to database successfully
[INFO 2019-06-12 16:31:05]family_contact is written to database successfully
[INFO 2019-06-12 16:31:05]family_relationship is written to database successfully
[INFO 2019-06-12 16:31:05]family_mobile is written to database successfully
[INFO 2019-06-12 16:31:05]work_contact is written to database successfully
[INFO 2019-06-12 16:31:05]work_relationship is written to database successfully
[INFO 2019-06-12 16:31:05]work_mobile is written to database successfully
[INFO 2019-06-12 16:31:05]other_contact is written to database successfully
[INFO 2019-06-12 16:31:05]other_relationship is written to database successfully
[INFO 2019-06-12 16:31:05]other_mobile is written to database successfully
[INFO 2019-06-12 16:31:15]mobile is written to database successfully
[INFO 2019-06-12 16:31:15]name is written to database successfully
[INFO 2019-06-12 16:31:15]idcard is written to database successfully
[INFO 2019-06-12 16:31:15]home_province is written to database successfully
[INFO 2019-06-12 16:31:15]home_city is written to database successfully
[INFO 2019-06-12 16:31:15]home_area is written to database successfully
[INFO 2019-06-12 16:31:15]home_address is written to database successfully
[INFO 2019-06-12 16:31:15]family_contact is written to database successfully
[INFO 2019-06-12 16:31:15]family_relationship is written to database successfully
[INFO 2019-06-12 16:31:15]family_mobile is written to database successfully
[INFO 2019-06-12 16:31:15]work_contact is written to database successfully
[INFO 2019-06-12 16:31:15]work_relationship is written to database successfully
[INFO 2019-06-12 16:31:15]work_mobile is written to database successfully
[INFO 2019-06-12 16:31:15]other_contact is written to database successfully
[INFO 2019-06-12 16:31:15]other_relationship is written to database successfully
[INFO 2019-06-12 16:31:15]other_mobile is written to database successfully
[ERROR 2019-06-12 16:51:14]Database write failed
[INFO 2019-06-12 16:52:01]mobile is written to database successfully
[INFO 2019-06-12 16:52:01]name is written to database successfully
[INFO 2019-06-12 16:52:01]idcard is written to database successfully
[INFO 2019-06-12 16:52:01]home_province is written to database successfully
[INFO 2019-06-12 16:52:01]home_city is written to database successfully
[INFO 2019-06-12 16:52:01]home_area is written to database successfully
[INFO 2019-06-12 16:52:01]home_address is written to database successfully
[INFO 2019-06-12 16:52:01]family_contact is written to database successfully
[INFO 2019-06-12 16:52:01]family_relationship is written to database successfully
[INFO 2019-06-12 16:52:01]family_mobile is written to database successfully
[INFO 2019-06-12 16:52:01]work_contact is written to database successfully
[INFO 2019-06-12 16:52:01]work_relationship is written to database successfully
[INFO 2019-06-12 16:52:01]work_mobile is written to database successfully
[INFO 2019-06-12 16:52:01]other_contact is written to database successfully
[INFO 2019-06-12 16:52:01]other_relationship is written to database successfully
[INFO 2019-06-12 16:52:01]other_mobile is written to database successfully
[INFO 2019-06-12 16:52:46]mobile is written to database successfully
[INFO 2019-06-12 16:52:46]name is written to database successfully
[INFO 2019-06-12 16:52:46]idcard is written to database successfully
[INFO 2019-06-12 16:52:46]home_province is written to database successfully
[INFO 2019-06-12 16:52:46]home_city is written to database successfully
[INFO 2019-06-12 16:52:46]home_area is written to database successfully
[INFO 2019-06-12 16:52:46]home_address is written to database successfully
[INFO 2019-06-12 16:52:46]family_contact is written to database successfully
[INFO 2019-06-12 16:52:46]family_relationship is written to database successfully
[INFO 2019-06-12 16:52:46]family_mobile is written to database successfully
[INFO 2019-06-12 16:52:46]work_contact is written to database successfully
[INFO 2019-06-12 16:52:46]work_relationship is written to database successfully
[INFO 2019-06-12 16:52:46]work_mobile is written to database successfully
[INFO 2019-06-12 16:52:46]other_contact is written to database successfully
[INFO 2019-06-12 16:52:46]other_relationship is written to database successfully
[INFO 2019-06-12 16:52:46]other_mobile is written to database successfully
[INFO 2019-06-12 16:52:46]purpose is written to database successfully
[INFO 2019-06-12 16:52:46]amount is written to database successfully
[INFO 2019-06-12 16:52:46]duration is written to database successfully
[INFO 2019-06-12 16:52:57]mobile is written to database successfully
[INFO 2019-06-12 16:52:57]name is written to database successfully
[INFO 2019-06-12 16:52:57]idcard is written to database successfully
[INFO 2019-06-12 16:52:57]home_province is written to database successfully
[INFO 2019-06-12 16:52:57]home_city is written to database successfully
[INFO 2019-06-12 16:52:57]home_area is written to database successfully
[INFO 2019-06-12 16:52:57]home_address is written to database successfully
[INFO 2019-06-12 16:52:57]family_contact is written to database successfully
[INFO 2019-06-12 16:52:57]family_relationship is written to database successfully
[INFO 2019-06-12 16:52:57]family_mobile is written to database successfully
[INFO 2019-06-12 16:52:57]work_contact is written to database successfully
[INFO 2019-06-12 16:52:57]work_relationship is written to database successfully
[INFO 2019-06-12 16:52:57]work_mobile is written to database successfully
[INFO 2019-06-12 16:52:57]other_contact is written to database successfully
[INFO 2019-06-12 16:52:57]other_relationship is written to database successfully
[INFO 2019-06-12 16:52:57]other_mobile is written to database successfully
[INFO 2019-06-12 16:52:57]purpose is written to database successfully
[INFO 2019-06-12 16:52:57]amount is written to database successfully
[INFO 2019-06-12 16:52:57]duration is written to database successfully
[INFO 2019-06-12 16:53:46]mobile is written to database successfully
[INFO 2019-06-12 16:53:46]name is written to database successfully
[INFO 2019-06-12 16:53:46]idcard is written to database successfully
[INFO 2019-06-12 16:53:46]home_province is written to database successfully
[INFO 2019-06-12 16:53:46]home_city is written to database successfully
[INFO 2019-06-12 16:53:46]home_area is written to database successfully
[INFO 2019-06-12 16:53:46]home_address is written to database successfully
[INFO 2019-06-12 16:53:46]family_contact is written to database successfully
[INFO 2019-06-12 16:53:46]family_relationship is written to database successfully
[INFO 2019-06-12 16:53:46]family_mobile is written to database successfully
[INFO 2019-06-12 16:53:46]work_contact is written to database successfully
[INFO 2019-06-12 16:53:46]work_relationship is written to database successfully
[INFO 2019-06-12 16:53:46]work_mobile is written to database successfully
[INFO 2019-06-12 16:53:46]other_contact is written to database successfully
[INFO 2019-06-12 16:53:46]other_relationship is written to database successfully
[INFO 2019-06-12 16:53:46]other_mobile is written to database successfully
[ERROR 2019-06-12 16:53:47]The status of loan is incorrect
[INFO 2019-06-13 20:22:45]File already exsits!
[INFO 2019-06-13 20:25:46]begin downloading
[INFO 2019-06-13 20:26:08]File already exsits!
[INFO 2019-06-13 20:27:10]begin downloading
[INFO 2019-06-13 20:27:10]download is finished
[INFO 2019-06-13 20:27:11]File size = 0.02 Mb
[INFO 2019-06-13 20:27:38]File already exsits!
[INFO 2019-06-13 20:27:46]begin downloading
[INFO 2019-06-13 20:27:46]download is finished
[INFO 2019-06-13 20:27:46]File size = 0.02 Mb
[INFO 2019-06-13 20:29:11]File already exsits!
[INFO 2019-06-13 20:29:11]begin downloading
[INFO 2019-06-13 20:29:11]download is finished
[INFO 2019-06-13 20:29:11]File size = 0.02 Mb
[INFO 2019-06-14 11:47:12]mobile is written to database successfully
[INFO 2019-06-14 11:47:12]name is written to database successfully
[INFO 2019-06-14 11:47:12]idcard is written to database successfully
[INFO 2019-06-14 11:47:12]home_province is written to database successfully
[INFO 2019-06-14 11:47:12]home_city is written to database successfully
[INFO 2019-06-14 11:47:12]home_area is written to database successfully
[INFO 2019-06-14 11:47:12]home_address is written to database successfully
[INFO 2019-06-14 11:47:12]family_contact is written to database successfully
[INFO 2019-06-14 11:47:12]family_relationship is written to database successfully
[INFO 2019-06-14 11:47:12]family_mobile is written to database successfully
[INFO 2019-06-14 11:47:12]work_contact is written to database successfully
[INFO 2019-06-14 11:47:12]work_relationship is written to database successfully
[INFO 2019-06-14 11:47:12]work_mobile is written to database successfully
[INFO 2019-06-14 11:47:12]other_contact is written to database successfully
[INFO 2019-06-14 11:47:12]other_relationship is written to database successfully
[INFO 2019-06-14 11:47:12]other_mobile is written to database successfully
[ERROR 2019-06-14 11:47:12]The status of loan is incorrect
[INFO 2019-06-14 11:47:33]mobile is written to database successfully
[INFO 2019-06-14 11:47:33]name is written to database successfully
[INFO 2019-06-14 11:47:33]idcard is written to database successfully
[INFO 2019-06-14 11:47:33]home_province is written to database successfully
[INFO 2019-06-14 11:47:33]home_city is written to database successfully
[INFO 2019-06-14 11:47:33]home_area is written to database successfully
[INFO 2019-06-14 11:47:33]home_address is written to database successfully
[INFO 2019-06-14 11:47:33]family_contact is written to database successfully
[INFO 2019-06-14 11:47:33]family_relationship is written to database successfully
[INFO 2019-06-14 11:47:33]family_mobile is written to database successfully
[INFO 2019-06-14 11:47:33]work_contact is written to database successfully
[INFO 2019-06-14 11:47:33]work_relationship is written to database successfully
[INFO 2019-06-14 11:47:33]work_mobile is written to database successfully
[INFO 2019-06-14 11:47:33]other_contact is written to database successfully
[INFO 2019-06-14 11:47:33]other_relationship is written to database successfully
[INFO 2019-06-14 11:47:33]other_mobile is written to database successfully
[ERROR 2019-06-14 11:47:33]The status of loan is incorrect
[INFO 2019-06-14 11:47:54]mobile is written to database successfully
[INFO 2019-06-14 11:47:54]name is written to database successfully
[INFO 2019-06-14 11:47:54]idcard is written to database successfully
[INFO 2019-06-14 11:47:54]home_province is written to database successfully
[INFO 2019-06-14 11:47:54]home_city is written to database successfully
[INFO 2019-06-14 11:47:54]home_area is written to database successfully
[INFO 2019-06-14 11:47:54]home_address is written to database successfully
[INFO 2019-06-14 11:47:54]family_contact is written to database successfully
[INFO 2019-06-14 11:47:54]family_relationship is written to database successfully
[INFO 2019-06-14 11:47:54]family_mobile is written to database successfully
[INFO 2019-06-14 11:47:54]work_contact is written to database successfully
[INFO 2019-06-14 11:47:54]work_relationship is written to database successfully
[INFO 2019-06-14 11:47:54]work_mobile is written to database successfully
[INFO 2019-06-14 11:47:54]other_contact is written to database successfully
[INFO 2019-06-14 11:47:54]other_relationship is written to database successfully
[INFO 2019-06-14 11:47:54]other_mobile is written to database successfully
[ERROR 2019-06-14 11:47:54]The status of loan is incorrect
[INFO 2019-06-14 11:48:42]File already exsits!
[INFO 2019-06-14 11:48:42]begin downloading
[INFO 2019-06-14 11:48:43]download is finished
[INFO 2019-06-14 11:48:43]File size = 0.02 Mb
[INFO 2019-06-14 14:03:21]The flag of open_id : 9e5f2df55f3e5ab80e2223f454db8a3d is AIFS
[INFO 2019-06-14 14:15:17]applicationInformation is correct
[INFO 2019-06-14 14:15:17]The status of loan is incorrect at the second step
[INFO 2019-06-14 14:15:34]File already exsits!
[INFO 2019-06-14 14:15:34]begin downloading
[INFO 2019-06-14 14:15:34]download is finished
[INFO 2019-06-14 14:15:34]File size = 0.02 Mb
[INFO 2019-06-14 14:15:35]applicationInformation is correct
[INFO 2019-06-14 14:15:35]The status of loan is incorrect at the second step
[INFO 2019-06-14 14:16:10]File already exsits!
[INFO 2019-06-14 14:16:10]begin downloading
[INFO 2019-06-14 14:16:10]download is finished
[INFO 2019-06-14 14:16:10]File size = 0.02 Mb
[INFO 2019-06-14 14:16:11]applicationInformation is correct
[INFO 2019-06-14 14:16:11]The status of loan is correct at the second step
[INFO 2019-06-14 14:51:29]adminLogin接口的响应信息：(<Response [200]>, {'success': False, 'code': 6008, 'msg': '用户不存在', 'resultCode': 'USER_NOT_EXIST', 'data': None})，时间戳标记：1560495087
[ERROR 2019-06-14 14:51:29]Response body msg != expected_msg, expected_msg is 请求成功, body_msg is msg
[INFO 2019-06-14 14:58:33]adminLogin接口的响应信息：(<Response [200]>, {'success': False, 'code': 6008, 'msg': '用户不存在', 'resultCode': 'USER_NOT_EXIST', 'data': None})，时间戳标记：1560495512
[ERROR 2019-06-14 14:58:33]Response body msg != expected_msg, expected_msg is 请求成功, body_msg is msg
[INFO 2019-06-14 14:59:01]adminLogin接口的响应信息：(<Response [200]>, {'success': False, 'code': 6008, 'msg': '用户不存在', 'resultCode': 'USER_NOT_EXIST', 'data': None})，时间戳标记：1560495540
[ERROR 2019-06-14 14:59:01]Response body msg != expected_msg, expected_msg is 请求成功, body_msg is msg
[INFO 2019-06-14 14:59:45]adminLogin接口的响应信息：(<Response [200]>, {'success': True, 'code': 0, 'msg': '请求成功', 'resultCode': 'SUCCESS', 'data': {'token': 'f3de72ce707649735f67cd380d36fc3e', 'jumpUrl': None, 'userInfoVo': {'id': 3, 'openId': 'eccbc87e4b5ce2fe28308fd9f2a7baf3', 'weChatOpenId': 'odqQOw78x3Xt9Q9fuBDq3SINqqeQ', 'regAppTime': 1557987984000, 'accountNo': '13068281408', 'mobile': '13068281408', 'nickName': None, 'name': '卢卡斯', 'idcard': None, 'dealerCode': '888', 'homeProvince': None, 'homeCity': None, 'homeArea': None, 'homeAddress': None, 'familyContact': None, 'familyRelationship': None, 'familyMobile': None, 'workContact': None, 'workRelationship': None, 'workMobile': None, 'otherContact': None, 'otherRelationship': None, 'otherMobile': None, 'source': 1, 'userType': 2, 'createTime': 1557990944000, 'updateTime': 1557990944000, 'isShowModule': 0, 'idcardFrontImage': None, 'idcardBackImage': None, 'showModule': False}}})，时间戳标记：1560495585
[INFO 2019-06-14 14:59:53]adminLogin接口的响应信息：(<Response [200]>, {'success': True, 'code': 0, 'msg': '请求成功', 'resultCode': 'SUCCESS', 'data': {'token': '768b65b1f6887cdd30f70eeed8451fc3', 'jumpUrl': None, 'userInfoVo': {'id': 3, 'openId': 'eccbc87e4b5ce2fe28308fd9f2a7baf3', 'weChatOpenId': 'odqQOw78x3Xt9Q9fuBDq3SINqqeQ', 'regAppTime': 1557987984000, 'accountNo': '13068281408', 'mobile': '13068281408', 'nickName': None, 'name': '卢卡斯', 'idcard': None, 'dealerCode': '888', 'homeProvince': None, 'homeCity': None, 'homeArea': None, 'homeAddress': None, 'familyContact': None, 'familyRelationship': None, 'familyMobile': None, 'workContact': None, 'workRelationship': None, 'workMobile': None, 'otherContact': None, 'otherRelationship': None, 'otherMobile': None, 'source': 1, 'userType': 2, 'createTime': 1557990944000, 'updateTime': 1557990944000, 'isShowModule': 0, 'idcardFrontImage': None, 'idcardBackImage': None, 'showModule': False}}})，时间戳标记：1560495593
[INFO 2019-06-14 14:59:54]createInstitutionProduct接口的响应信息：(<Response [200]>, {'success': True, 'code': 0, 'msg': '请求成功', 'resultCode': 'SUCCESS'})，时间戳标记：1560495593
[INFO 2019-06-14 14:59:54]modifyInstitutionProduct接口的响应信息：(<Response [200]>, {'success': True, 'code': 0, 'msg': '请求成功', 'resultCode': 'SUCCESS'})，时间戳标记：1560495593
[INFO 2019-06-14 14:59:54]institutionProductSort接口的响应信息：(<Response [200]>, {'success': True, 'code': 0, 'msg': '请求成功', 'resultCode': 'SUCCESS'})，时间戳标记：1560495593
[INFO 2019-06-14 14:59:54]queryInstitutionProduct接口的响应信息：(<Response [200]>, {'success': True, 'code': 0, 'msg': '请求成功', 'resultCode': 'SUCCESS', 'pageNo': 1, 'pageSize': 15, 'totalCount': 3, 'hasNext': False, 'data': [{'id': 17, 'name': '极速借', 'institutionId': 1, 'institutionName': '极速云', 'loanAmount': '500000', 'interestRate': '0.03', 'loanSpeed': '3小时', 'labelId': 2, 'label': '新品', 'sort': 16, 'status': 1}, {'id': 19, 'name': '钱妈妈', 'institutionId': 3, 'institutionName': '钱妈妈', 'loanAmount': '6000000', 'interestRate': '0.04', 'loanSpeed': '4小时', 'labelId': 1, 'label': '循环额度', 'sort': 16, 'status': 1}, {'id': 18, 'name': '网商贷', 'institutionId': 2, 'institutionName': '新大陆', 'loanAmount': '2000000', 'interestRate': '0.03', 'loanSpeed': '5小时', 'labelId': 2, 'label': '新品', 'sort': 18, 'status': 1}], 'startRow': 0})，时间戳标记：1560495593
[INFO 2019-06-14 15:01:28]adminLogin接口的响应信息：(<Response [200]>, {'success': True, 'code': 0, 'msg': '请求成功', 'resultCode': 'SUCCESS', 'data': {'token': 'e8e8203652c3dd1f6138e29b7d615425', 'jumpUrl': None, 'userInfoVo': {'id': 3, 'openId': 'eccbc87e4b5ce2fe28308fd9f2a7baf3', 'weChatOpenId': 'odqQOw78x3Xt9Q9fuBDq3SINqqeQ', 'regAppTime': 1557987984000, 'accountNo': '13068281408', 'mobile': '13068281408', 'nickName': None, 'name': '卢卡斯', 'idcard': None, 'dealerCode': '888', 'homeProvince': None, 'homeCity': None, 'homeArea': None, 'homeAddress': None, 'familyContact': None, 'familyRelationship': None, 'familyMobile': None, 'workContact': None, 'workRelationship': None, 'workMobile': None, 'otherContact': None, 'otherRelationship': None, 'otherMobile': None, 'source': 1, 'userType': 2, 'createTime': 1557990944000, 'updateTime': 1557990944000, 'isShowModule': 0, 'idcardFrontImage': None, 'idcardBackImage': None, 'showModule': False}}})，时间戳标记：1560495688
[INFO 2019-06-14 15:01:29]createInstitutionProduct接口的响应信息：(<Response [200]>, {'success': False, 'code': 6006, 'msg': '系统繁忙，请稍后再试', 'resultCode': 'SYSTEM_ERROR'})，时间戳标记：1560495688
[ERROR 2019-06-14 15:01:29]Response body msg != expected_msg, expected_msg is 请求成功, body_msg is msg
[INFO 2019-06-14 15:02:09]adminLogin接口的响应信息：(<Response [200]>, {'success': True, 'code': 0, 'msg': '请求成功', 'resultCode': 'SUCCESS', 'data': {'token': 'b4f2e87b347fe30fa07a2b42ac173f1d', 'jumpUrl': None, 'userInfoVo': {'id': 3, 'openId': 'eccbc87e4b5ce2fe28308fd9f2a7baf3', 'weChatOpenId': 'odqQOw78x3Xt9Q9fuBDq3SINqqeQ', 'regAppTime': 1557987984000, 'accountNo': '13068281408', 'mobile': '13068281408', 'nickName': None, 'name': '卢卡斯', 'idcard': None, 'dealerCode': '888', 'homeProvince': None, 'homeCity': None, 'homeArea': None, 'homeAddress': None, 'familyContact': None, 'familyRelationship': None, 'familyMobile': None, 'workContact': None, 'workRelationship': None, 'workMobile': None, 'otherContact': None, 'otherRelationship': None, 'otherMobile': None, 'source': 1, 'userType': 2, 'createTime': 1557990944000, 'updateTime': 1557990944000, 'isShowModule': 0, 'idcardFrontImage': None, 'idcardBackImage': None, 'showModule': False}}})，时间戳标记：1560495729
[INFO 2019-06-14 15:02:09]createInstitutionProduct接口的响应信息：(<Response [200]>, {'success': True, 'code': 0, 'msg': '请求成功', 'resultCode': 'SUCCESS'})，时间戳标记：1560495729
[INFO 2019-06-14 15:02:09]modifyInstitutionProduct接口的响应信息：(<Response [200]>, {'success': True, 'code': 0, 'msg': '请求成功', 'resultCode': 'SUCCESS'})，时间戳标记：1560495729
[INFO 2019-06-14 15:02:10]institutionProductSort接口的响应信息：(<Response [200]>, {'success': True, 'code': 0, 'msg': '请求成功', 'resultCode': 'SUCCESS'})，时间戳标记：1560495729
[INFO 2019-06-14 15:02:10]queryInstitutionProduct接口的响应信息：(<Response [200]>, {'success': True, 'code': 0, 'msg': '请求成功', 'resultCode': 'SUCCESS', 'pageNo': 1, 'pageSize': 15, 'totalCount': 3, 'hasNext': False, 'data': [{'id': 17, 'name': '极速借', 'institutionId': 1, 'institutionName': '极速云', 'loanAmount': '500000', 'interestRate': '0.03', 'loanSpeed': '3小时', 'labelId': 2, 'label': '新品', 'sort': 16, 'status': 1}, {'id': 19, 'name': '钱妈妈', 'institutionId': 3, 'institutionName': '钱妈妈', 'loanAmount': '6000000', 'interestRate': '0.04', 'loanSpeed': '4小时', 'labelId': 1, 'label': '循环额度', 'sort': 16, 'status': 1}, {'id': 18, 'name': '网商贷', 'institutionId': 2, 'institutionName': '新大陆', 'loanAmount': '2000000', 'interestRate': '0.03', 'loanSpeed': '5小时', 'labelId': 2, 'label': '新品', 'sort': 18, 'status': 1}], 'startRow': 0})，时间戳标记：1560495729
[INFO 2019-06-14 15:25:03]adminLogin接口的响应信息：(<Response [200]>, {'success': True, 'code': 0, 'msg': '请求成功', 'resultCode': 'SUCCESS', 'data': {'token': 'b64cad62df30a6225c02fee20464e8cd', 'jumpUrl': None, 'userInfoVo': {'id': 3, 'openId': 'eccbc87e4b5ce2fe28308fd9f2a7baf3', 'weChatOpenId': 'odqQOw78x3Xt9Q9fuBDq3SINqqeQ', 'regAppTime': 1557987984000, 'accountNo': '13068281408', 'mobile': '13068281408', 'nickName': None, 'name': '卢卡斯', 'idcard': None, 'dealerCode': '888', 'homeProvince': None, 'homeCity': None, 'homeArea': None, 'homeAddress': None, 'familyContact': None, 'familyRelationship': None, 'familyMobile': None, 'workContact': None, 'workRelationship': None, 'workMobile': None, 'otherContact': None, 'otherRelationship': None, 'otherMobile': None, 'source': 1, 'userType': 2, 'createTime': 1557990944000, 'updateTime': 1557990944000, 'isShowModule': 0, 'idcardFrontImage': None, 'idcardBackImage': None, 'showModule': False}}})，时间戳标记：1560497103
[INFO 2019-06-14 15:25:03]createInstitutionProduct接口的响应信息：(<Response [200]>, {'success': False, 'code': 6006, 'msg': '系统繁忙，请稍后再试', 'resultCode': 'SYSTEM_ERROR'})，时间戳标记：1560497103
[ERROR 2019-06-14 15:25:03]Response body msg != expected_msg, expected_msg is 请求成功, body_msg is msg
[INFO 2019-06-14 15:26:39]adminLogin接口的响应信息：(<Response [200]>, {'success': True, 'code': 0, 'msg': '请求成功', 'resultCode': 'SUCCESS', 'data': {'token': '0832ec301a4edca8ccd0791fe9a59a7f', 'jumpUrl': None, 'userInfoVo': {'id': 3, 'openId': 'eccbc87e4b5ce2fe28308fd9f2a7baf3', 'weChatOpenId': 'odqQOw78x3Xt9Q9fuBDq3SINqqeQ', 'regAppTime': 1557987984000, 'accountNo': '13068281408', 'mobile': '13068281408', 'nickName': None, 'name': '卢卡斯', 'idcard': None, 'dealerCode': '888', 'homeProvince': None, 'homeCity': None, 'homeArea': None, 'homeAddress': None, 'familyContact': None, 'familyRelationship': None, 'familyMobile': None, 'workContact': None, 'workRelationship': None, 'workMobile': None, 'otherContact': None, 'otherRelationship': None, 'otherMobile': None, 'source': 1, 'userType': 2, 'createTime': 1557990944000, 'updateTime': 1557990944000, 'isShowModule': 0, 'idcardFrontImage': None, 'idcardBackImage': None, 'showModule': False}}})，时间戳标记：1560497198
[INFO 2019-06-14 15:27:21]adminLogin接口的响应信息：(<Response [200]>, {'success': True, 'code': 0, 'msg': '请求成功', 'resultCode': 'SUCCESS', 'data': {'token': '6709f1db85934bf2e2a888ad75c2b7b4', 'jumpUrl': None, 'userInfoVo': {'id': 3, 'openId': 'eccbc87e4b5ce2fe28308fd9f2a7baf3', 'weChatOpenId': 'odqQOw78x3Xt9Q9fuBDq3SINqqeQ', 'regAppTime': 1557987984000, 'accountNo': '13068281408', 'mobile': '13068281408', 'nickName': None, 'name': '卢卡斯', 'idcard': None, 'dealerCode': '888', 'homeProvince': None, 'homeCity': None, 'homeArea': None, 'homeAddress': None, 'familyContact': None, 'familyRelationship': None, 'familyMobile': None, 'workContact': None, 'workRelationship': None, 'workMobile': None, 'otherContact': None, 'otherRelationship': None, 'otherMobile': None, 'source': 1, 'userType': 2, 'createTime': 1557990944000, 'updateTime': 1557990944000, 'isShowModule': 0, 'idcardFrontImage': None, 'idcardBackImage': None, 'showModule': False}}})，时间戳标记：1560497241
[INFO 2019-06-14 15:27:21]createInstitutionProduct接口的响应信息：(<Response [200]>, {'success': True, 'code': 0, 'msg': '请求成功', 'resultCode': 'SUCCESS'})，时间戳标记：1560497241
[INFO 2019-06-14 15:27:21]modifyInstitutionProduct接口的响应信息：(<Response [200]>, {'success': True, 'code': 0, 'msg': '请求成功', 'resultCode': 'SUCCESS'})，时间戳标记：1560497241
[INFO 2019-06-14 15:27:21]institutionProductSort接口的响应信息：(<Response [200]>, {'success': True, 'code': 0, 'msg': '请求成功', 'resultCode': 'SUCCESS'})，时间戳标记：1560497241
[INFO 2019-06-14 15:27:21]queryInstitutionProduct接口的响应信息：(<Response [200]>, {'success': True, 'code': 0, 'msg': '请求成功', 'resultCode': 'SUCCESS', 'pageNo': 1, 'pageSize': 15, 'totalCount': 3, 'hasNext': False, 'data': [{'id': 17, 'name': '极速借', 'institutionId': 1, 'institutionName': '极速云', 'loanAmount': '500000', 'interestRate': '0.03', 'loanSpeed': '3小时', 'labelId': 2, 'label': '新品', 'sort': 16, 'status': 1}, {'id': 19, 'name': '钱妈妈', 'institutionId': 3, 'institutionName': '钱妈妈', 'loanAmount': '6000000', 'interestRate': '0.04', 'loanSpeed': '4小时', 'labelId': 1, 'label': '循环额度', 'sort': 16, 'status': 1}, {'id': 18, 'name': '网商贷', 'institutionId': 2, 'institutionName': '新大陆', 'loanAmount': '2000000', 'interestRate': '0.03', 'loanSpeed': '5小时', 'labelId': 2, 'label': '新品', 'sort': 18, 'status': 1}], 'startRow': 0})，时间戳标记：1560497241
[INFO 2019-06-14 15:30:57]adminLogin接口的响应信息：(<Response [200]>, {'success': True, 'code': 0, 'msg': '请求成功', 'resultCode': 'SUCCESS', 'data': {'token': '05eebff50601ec1fb8474a44877143a2', 'jumpUrl': None, 'userInfoVo': {'id': 3, 'openId': 'eccbc87e4b5ce2fe28308fd9f2a7baf3', 'weChatOpenId': 'odqQOw78x3Xt9Q9fuBDq3SINqqeQ', 'regAppTime': 1557987984000, 'accountNo': '13068281408', 'mobile': '13068281408', 'nickName': None, 'name': '卢卡斯', 'idcard': None, 'dealerCode': '888', 'homeProvince': None, 'homeCity': None, 'homeArea': None, 'homeAddress': None, 'familyContact': None, 'familyRelationship': None, 'familyMobile': None, 'workContact': None, 'workRelationship': None, 'workMobile': None, 'otherContact': None, 'otherRelationship': None, 'otherMobile': None, 'source': 1, 'userType': 2, 'createTime': 1557990944000, 'updateTime': 1557990944000, 'isShowModule': 0, 'idcardFrontImage': None, 'idcardBackImage': None, 'showModule': False}}})，时间戳标记：1560497455
[INFO 2019-06-14 15:30:57]createInstitutionProduct接口的响应信息：(<Response [200]>, {'success': True, 'code': 0, 'msg': '请求成功', 'resultCode': 'SUCCESS'})，时间戳标记：1560497455
[INFO 2019-06-14 15:30:57]modifyInstitutionProduct接口的响应信息：(<Response [200]>, {'success': True, 'code': 0, 'msg': '请求成功', 'resultCode': 'SUCCESS'})，时间戳标记：1560497455
[INFO 2019-06-14 15:30:57]institutionProductSort接口的响应信息：(<Response [200]>, {'success': True, 'code': 0, 'msg': '请求成功', 'resultCode': 'SUCCESS'})，时间戳标记：1560497455
[INFO 2019-06-14 15:30:57]queryInstitutionProduct接口的响应信息：(<Response [200]>, {'success': True, 'code': 0, 'msg': '请求成功', 'resultCode': 'SUCCESS', 'pageNo': 1, 'pageSize': 15, 'totalCount': 3, 'hasNext': False, 'data': [{'id': 17, 'name': '极速借', 'institutionId': 1, 'institutionName': '极速云', 'loanAmount': '500000', 'interestRate': '0.03', 'loanSpeed': '3小时', 'labelId': 2, 'label': '新品', 'sort': 16, 'status': 1}, {'id': 19, 'name': '钱妈妈', 'institutionId': 3, 'institutionName': '钱妈妈', 'loanAmount': '6000000', 'interestRate': '0.04', 'loanSpeed': '4小时', 'labelId': 1, 'label': '循环额度', 'sort': 16, 'status': 1}, {'id': 18, 'name': '网商贷', 'institutionId': 2, 'institutionName': '新大陆', 'loanAmount': '2000000', 'interestRate': '0.03', 'loanSpeed': '5小时', 'labelId': 2, 'label': '新品', 'sort': 18, 'status': 1}], 'startRow': 0})，时间戳标记：1560497455
[INFO 2019-06-14 15:31:28]adminLogin接口的响应信息：(<Response [200]>, {'success': True, 'code': 0, 'msg': '请求成功', 'resultCode': 'SUCCESS', 'data': {'token': 'a1cfaa716aa9e284b81deb1b28e36dd9', 'jumpUrl': None, 'userInfoVo': {'id': 3, 'openId': 'eccbc87e4b5ce2fe28308fd9f2a7baf3', 'weChatOpenId': 'odqQOw78x3Xt9Q9fuBDq3SINqqeQ', 'regAppTime': 1557987984000, 'accountNo': '13068281408', 'mobile': '13068281408', 'nickName': None, 'name': '卢卡斯', 'idcard': None, 'dealerCode': '888', 'homeProvince': None, 'homeCity': None, 'homeArea': None, 'homeAddress': None, 'familyContact': None, 'familyRelationship': None, 'familyMobile': None, 'workContact': None, 'workRelationship': None, 'workMobile': None, 'otherContact': None, 'otherRelationship': None, 'otherMobile': None, 'source': 1, 'userType': 2, 'createTime': 1557990944000, 'updateTime': 1557990944000, 'isShowModule': 0, 'idcardFrontImage': None, 'idcardBackImage': None, 'showModule': False}}})，时间戳标记：1560497488
[INFO 2019-06-14 15:31:28]createInstitutionProduct接口的响应信息：(<Response [200]>, {'success': True, 'code': 0, 'msg': '请求成功', 'resultCode': 'SUCCESS'})，时间戳标记：1560497488
[INFO 2019-06-14 15:31:29]modifyInstitutionProduct接口的响应信息：(<Response [200]>, {'success': True, 'code': 0, 'msg': '请求成功', 'resultCode': 'SUCCESS'})，时间戳标记：1560497488
[INFO 2019-06-14 15:31:29]institutionProductSort接口的响应信息：(<Response [200]>, {'success': True, 'code': 0, 'msg': '请求成功', 'resultCode': 'SUCCESS'})，时间戳标记：1560497488
[INFO 2019-06-14 15:31:29]queryInstitutionProduct接口的响应信息：(<Response [200]>, {'success': True, 'code': 0, 'msg': '请求成功', 'resultCode': 'SUCCESS', 'pageNo': 1, 'pageSize': 15, 'totalCount': 3, 'hasNext': False, 'data': [{'id': 17, 'name': '极速借', 'institutionId': 1, 'institutionName': '极速云', 'loanAmount': '500000', 'interestRate': '0.03', 'loanSpeed': '3小时', 'labelId': 2, 'label': '新品', 'sort': 16, 'status': 1}, {'id': 19, 'name': '钱妈妈', 'institutionId': 3, 'institutionName': '钱妈妈', 'loanAmount': '6000000', 'interestRate': '0.04', 'loanSpeed': '4小时', 'labelId': 1, 'label': '循环额度', 'sort': 16, 'status': 1}, {'id': 18, 'name': '网商贷', 'institutionId': 2, 'institutionName': '新大陆', 'loanAmount': '2000000', 'interestRate': '0.03', 'loanSpeed': '5小时', 'labelId': 2, 'label': '新品', 'sort': 18, 'status': 1}], 'startRow': 0})，时间戳标记：1560497488
[INFO 2019-06-17 10:55:11]adminLogin接口的响应信息：(<Response [200]>, {'success': False, 'code': 6008, 'msg': '用户不存在', 'resultCode': 'USER_NOT_EXIST', 'data': None})，时间戳标记：1560740109
[ERROR 2019-06-17 10:55:11]Response body msg != expected_msg, expected_msg is 请求成功, body_msg is msg
[INFO 2019-06-17 10:55:12]jumpLogin接口的响应信息：(<Response [200]>, {'success': True, 'code': 0, 'msg': '请求成功', 'resultCode': 'SUCCESS', 'data': {'token': '7fb28c127759596d0b19d8513eebdd60', 'jumpUrl': 'https://finance.cs.xiangqianpos.com/xdd-finance-tec/#/business', 'weChatOpenId': None}})，时间戳标记：1560740111
[INFO 2019-06-17 10:55:12]queryUserMerchant接口的响应信息：(<Response [200]>, {'success': False, 'code': 6015, 'msg': '用户未绑定商户', 'resultCode': 'USER_NOT_BING_MERCHANT', 'data': None})，时间戳标记：1560740111
[ERROR 2019-06-17 10:55:12]Response body msg != expected_msg, expected_msg is 请求成功, body_msg is msg
[INFO 2019-06-17 10:55:12]sendAuthCode接口的响应信息：(<Response [200]>, {'success': True, 'code': 0, 'msg': '请求成功', 'resultCode': 'SUCCESS'})，时间戳标记：1560740111
[INFO 2019-06-17 10:55:12]registerLogin接口的响应信息：(<Response [200]>, {'success': False, 'code': 6014, 'msg': '验证码错误', 'resultCode': 'AUTH_CODE_ERROR', 'data': None})，时间戳标记：1560740111
[ERROR 2019-06-17 10:55:12]Response body msg != expected_msg, expected_msg is 请求成功, body_msg is msg
